# JRE version: Java(TM) SE Runtime Environment (8.0_381) (build 1.8.0_381-b09)
# Java VM: Java HotSpot(TM) 64-Bit Server VM (25.381-b09 mixed mode windows-amd64 compressed oops)
Heap:
 PSYoungGen      total 37888K, used 14885K [0x00000000d6780000, 0x00000000d9180000, 0x0000000100000000)
  eden space 32768K, 45% used [0x00000000d6780000,0x00000000d76096d0,0x00000000d8780000)
  from space 5120K, 0% used [0x00000000d8780000,0x00000000d8780000,0x00000000d8c80000)
  to   space 5120K, 0% used [0x00000000d8c80000,0x00000000d8c80000,0x00000000d9180000)
 ParOldGen       total 61440K, used 622K [0x0000000083600000, 0x0000000087200000, 0x00000000d6780000)
  object space 61440K, 1% used [0x0000000083600000,0x000000008369b8a8,0x0000000087200000)
 Metaspace       used 10885K, capacity 11040K, committed 11264K, reserved 1062912K
  class space    used 1322K, capacity 1418K, committed 1536K, reserved 1048576K
GC Heap History (4 events):
Event: 0.099 GC heap before
{Heap before GC invocations=1 (full 0):
 PSYoungGen      total 37888K, used 3277K [0x00000000d6780000, 0x00000000d9180000, 0x0000000100000000)
  eden space 32768K, 10% used [0x00000000d6780000,0x00000000d6ab3460,0x00000000d8780000)
  from space 5120K, 0% used [0x00000000d8c80000,0x00000000d8c80000,0x00000000d9180000)
  to   space 5120K, 0% used [0x00000000d8780000,0x00000000d8780000,0x00000000d8c80000)
 ParOldGen       total 86016K, used 0K [0x0000000083600000, 0x0000000088a00000, 0x00000000d6780000)
  object space 86016K, 0% used [0x0000000083600000,0x0000000083600000,0x0000000088a00000)
 Metaspace       used 5131K, capacity 5230K, committed 5376K, reserved 1060864K
  class space    used 583K, capacity 658K, committed 768K, reserved 1048576K
Event: 0.101 GC heap after
Heap after GC invocations=1 (full 0):
 PSYoungGen      total 37888K, used 816K [0x00000000d6780000, 0x00000000d9180000, 0x0000000100000000)
  eden space 32768K, 0% used [0x00000000d6780000,0x00000000d6780000,0x00000000d8780000)
  from space 5120K, 15% used [0x00000000d8780000,0x00000000d884c010,0x00000000d8c80000)
  to   space 5120K, 0% used [0x00000000d8c80000,0x00000000d8c80000,0x00000000d9180000)
 ParOldGen       total 86016K, used 8K [0x0000000083600000, 0x0000000088a00000, 0x00000000d6780000)
  object space 86016K, 0% used [0x0000000083600000,0x0000000083602000,0x0000000088a00000)
 Metaspace       used 5131K, capacity 5230K, committed 5376K, reserved 1060864K
  class space    used 583K, capacity 658K, committed 768K, reserved 1048576K
}
Event: 0.101 GC heap before
{Heap before GC invocations=2 (full 1):
 PSYoungGen      total 37888K, used 816K [0x00000000d6780000, 0x00000000d9180000, 0x0000000100000000)
  eden space 32768K, 0% used [0x00000000d6780000,0x00000000d6780000,0x00000000d8780000)
  from space 5120K, 15% used [0x00000000d8780000,0x00000000d884c010,0x00000000d8c80000)
  to   space 5120K, 0% used [0x00000000d8c80000,0x00000000d8c80000,0x00000000d9180000)
 ParOldGen       total 86016K, used 8K [0x0000000083600000, 0x0000000088a00000, 0x00000000d6780000)
  object space 86016K, 0% used [0x0000000083600000,0x0000000083602000,0x0000000088a00000)
 Metaspace       used 5131K, capacity 5230K, committed 5376K, reserved 1060864K
  class space    used 583K, capacity 658K, committed 768K, reserved 1048576K
Event: 0.108 GC heap after
Heap after GC invocations=2 (full 1):
 PSYoungGen      total 37888K, used 0K [0x00000000d6780000, 0x00000000d9180000, 0x0000000100000000)
  eden space 32768K, 0% used [0x00000000d6780000,0x00000000d6780000,0x00000000d8780000)
  from space 5120K, 0% used [0x00000000d8780000,0x00000000d8780000,0x00000000d8c80000)
  to   space 5120K, 0% used [0x00000000d8c80000,0x00000000d8c80000,0x00000000d9180000)
 ParOldGen       total 61440K, used 622K [0x0000000083600000, 0x0000000087200000, 0x00000000d6780000)
  object space 61440K, 1% used [0x0000000083600000,0x000000008369b8a8,0x0000000087200000)
 Metaspace       used 5131K, capacity 5230K, committed 5376K, reserved 1058816K
  class space    used 583K, capacity 658K, committed 768K, reserved 1048576K
}

